\\BANNER.MAIN.AD.RIT.EDU\STUDENTS\JKP2377\IGMPROFILE\DESKTOP\DESKTOP\GITHUBREPOS\PERIPHERALVOID\PERIPHERAL VOID MAIN DIRECTORY\PERIPHERALVOID\RELEASE\AUDIOLISTENER.OBJ
\\BANNER.MAIN.AD.RIT.EDU\STUDENTS\JKP2377\IGMPROFILE\DESKTOP\DESKTOP\GITHUBREPOS\PERIPHERALVOID\PERIPHERAL VOID MAIN DIRECTORY\PERIPHERALVOID\RELEASE\AUDIOSOURCE.OBJ
\\BANNER.MAIN.AD.RIT.EDU\STUDENTS\JKP2377\IGMPROFILE\DESKTOP\DESKTOP\GITHUBREPOS\PERIPHERALVOID\PERIPHERAL VOID MAIN DIRECTORY\PERIPHERALVOID\RELEASE\CAMERA.OBJ
\\banner.main.ad.rit.edu\students\jkp2377\IGMProfile\Desktop\Desktop\GitHubRepos\PeripheralVoid\Peripheral Void Main Directory\PeripheralVoid\Release\cl.command.1.tlog
\\banner.main.ad.rit.edu\students\jkp2377\IGMProfile\Desktop\Desktop\GitHubRepos\PeripheralVoid\Peripheral Void Main Directory\PeripheralVoid\Release\CL.read.1.tlog
\\banner.main.ad.rit.edu\students\jkp2377\IGMProfile\Desktop\Desktop\GitHubRepos\PeripheralVoid\Peripheral Void Main Directory\PeripheralVoid\Release\CL.write.1.tlog
\\BANNER.MAIN.AD.RIT.EDU\STUDENTS\JKP2377\IGMPROFILE\DESKTOP\DESKTOP\GITHUBREPOS\PERIPHERALVOID\PERIPHERAL VOID MAIN DIRECTORY\PERIPHERALVOID\RELEASE\D3DAPP.OBJ
\\BANNER.MAIN.AD.RIT.EDU\STUDENTS\JKP2377\IGMPROFILE\DESKTOP\DESKTOP\GITHUBREPOS\PERIPHERALVOID\PERIPHERAL VOID MAIN DIRECTORY\PERIPHERALVOID\RELEASE\D3DUTIL.OBJ
\\BANNER.MAIN.AD.RIT.EDU\STUDENTS\JKP2377\IGMPROFILE\DESKTOP\DESKTOP\GITHUBREPOS\PERIPHERALVOID\PERIPHERAL VOID MAIN DIRECTORY\PERIPHERALVOID\RELEASE\GAMETIMER.OBJ
\\BANNER.MAIN.AD.RIT.EDU\STUDENTS\JKP2377\IGMPROFILE\DESKTOP\DESKTOP\GITHUBREPOS\PERIPHERALVOID\PERIPHERAL VOID MAIN DIRECTORY\PERIPHERALVOID\RELEASE\GEOMETRYGENERATOR.OBJ
\\BANNER.MAIN.AD.RIT.EDU\STUDENTS\JKP2377\IGMPROFILE\DESKTOP\DESKTOP\GITHUBREPOS\PERIPHERALVOID\PERIPHERAL VOID MAIN DIRECTORY\PERIPHERALVOID\RELEASE\INPUT.OBJ
\\BANNER.MAIN.AD.RIT.EDU\STUDENTS\JKP2377\IGMPROFILE\DESKTOP\DESKTOP\GITHUBREPOS\PERIPHERALVOID\PERIPHERAL VOID MAIN DIRECTORY\PERIPHERALVOID\RELEASE\LIGHTHELPER.OBJ
\\banner.main.ad.rit.edu\students\jkp2377\IGMProfile\Desktop\Desktop\GitHubRepos\PeripheralVoid\Peripheral Void Main Directory\PeripheralVoid\Release\link.command.1.tlog
\\banner.main.ad.rit.edu\students\jkp2377\IGMProfile\Desktop\Desktop\GitHubRepos\PeripheralVoid\Peripheral Void Main Directory\PeripheralVoid\Release\link.read.1.tlog
\\banner.main.ad.rit.edu\students\jkp2377\IGMProfile\Desktop\Desktop\GitHubRepos\PeripheralVoid\Peripheral Void Main Directory\PeripheralVoid\Release\link.write.1.tlog
\\BANNER.MAIN.AD.RIT.EDU\STUDENTS\JKP2377\IGMPROFILE\DESKTOP\DESKTOP\GITHUBREPOS\PERIPHERALVOID\PERIPHERAL VOID MAIN DIRECTORY\PERIPHERALVOID\RELEASE\MATHHELPER.OBJ
\\banner.main.ad.rit.edu\students\jkp2377\IGMProfile\Desktop\Desktop\GitHubRepos\PeripheralVoid\Peripheral Void Main Directory\PeripheralVoid\Release\mt.command.1.tlog
\\banner.main.ad.rit.edu\students\jkp2377\IGMProfile\Desktop\Desktop\GitHubRepos\PeripheralVoid\Peripheral Void Main Directory\PeripheralVoid\Release\mt.read.1.tlog
\\banner.main.ad.rit.edu\students\jkp2377\IGMProfile\Desktop\Desktop\GitHubRepos\PeripheralVoid\Peripheral Void Main Directory\PeripheralVoid\Release\mt.write.1.tlog
\\banner.main.ad.rit.edu\students\jkp2377\IGMProfile\Desktop\Desktop\GitHubRepos\PeripheralVoid\Peripheral Void Main Directory\PeripheralVoid\Release\PeripheralVoid.exe.intermediate.manifest
\\banner.main.ad.rit.edu\students\jkp2377\IGMProfile\Desktop\Desktop\GitHubRepos\PeripheralVoid\Peripheral Void Main Directory\PeripheralVoid\Release\PeripheralVoid.write.1.tlog
\\BANNER.MAIN.AD.RIT.EDU\STUDENTS\JKP2377\IGMPROFILE\DESKTOP\DESKTOP\GITHUBREPOS\PERIPHERALVOID\PERIPHERAL VOID MAIN DIRECTORY\PERIPHERALVOID\RELEASE\PLAYER.OBJ
\\BANNER.MAIN.AD.RIT.EDU\STUDENTS\JKP2377\IGMPROFILE\DESKTOP\DESKTOP\GITHUBREPOS\PERIPHERALVOID\PERIPHERAL VOID MAIN DIRECTORY\PERIPHERALVOID\RELEASE\PVGAME.OBJ
\\BANNER.MAIN.AD.RIT.EDU\STUDENTS\JKP2377\IGMPROFILE\DESKTOP\DESKTOP\GITHUBREPOS\PERIPHERALVOID\PERIPHERAL VOID MAIN DIRECTORY\PERIPHERALVOID\RELEASE\TEXTUREMGR.OBJ
\\BANNER.MAIN.AD.RIT.EDU\STUDENTS\JKP2377\IGMPROFILE\DESKTOP\DESKTOP\GITHUBREPOS\PERIPHERALVOID\PERIPHERAL VOID MAIN DIRECTORY\PERIPHERALVOID\RELEASE\TINYXML2.OBJ
\\BANNER.MAIN.AD.RIT.EDU\STUDENTS\JKP2377\IGMPROFILE\DESKTOP\DESKTOP\GITHUBREPOS\PERIPHERALVOID\PERIPHERAL VOID MAIN DIRECTORY\PERIPHERALVOID\RELEASE\VC100.PDB
\\BANNER.MAIN.AD.RIT.EDU\STUDENTS\JKP2377\IGMPROFILE\DESKTOP\DESKTOP\GITHUBREPOS\PERIPHERALVOID\PERIPHERAL VOID MAIN DIRECTORY\PERIPHERALVOID\RELEASE\WAVES.OBJ
\\BANNER.MAIN.AD.RIT.EDU\STUDENTS\JKP2377\IGMPROFILE\DESKTOP\DESKTOP\GITHUBREPOS\PERIPHERALVOID\PERIPHERAL VOID MAIN DIRECTORY\PERIPHERALVOID\RELEASE\XNACOLLISION.OBJ
\\BANNER.MAIN.AD.RIT.EDU\STUDENTS\JKP2377\IGMPROFILE\DESKTOP\DESKTOP\GITHUBREPOS\PERIPHERALVOID\PERIPHERAL VOID MAIN DIRECTORY\RELEASE\PERIPHERALVOID.EXE
\\banner.main.ad.rit.edu\students\jkp2377\IGMProfile\Desktop\Desktop\GitHubRepos\PeripheralVoid\Peripheral Void Main Directory\Release\PeripheralVoid.pdb
C:\USERS\OWNER\DROPBOX\GIT\PERIPHERALVOID\PERIPHERAL VOID MAIN DIRECTORY\PERIPHERALVOID\RELEASE\AUDIOLISTENER.OBJ
C:\USERS\OWNER\DROPBOX\GIT\PERIPHERALVOID\PERIPHERAL VOID MAIN DIRECTORY\PERIPHERALVOID\RELEASE\AUDIOSOURCE.OBJ
C:\USERS\OWNER\DROPBOX\GIT\PERIPHERALVOID\PERIPHERAL VOID MAIN DIRECTORY\PERIPHERALVOID\RELEASE\CAMERA.OBJ
C:\USERS\OWNER\DROPBOX\GIT\PERIPHERALVOID\PERIPHERAL VOID MAIN DIRECTORY\PERIPHERALVOID\RELEASE\D3DAPP.OBJ
C:\USERS\OWNER\DROPBOX\GIT\PERIPHERALVOID\PERIPHERAL VOID MAIN DIRECTORY\PERIPHERALVOID\RELEASE\D3DUTIL.OBJ
C:\USERS\OWNER\DROPBOX\GIT\PERIPHERALVOID\PERIPHERAL VOID MAIN DIRECTORY\PERIPHERALVOID\RELEASE\GAMETIMER.OBJ
C:\USERS\OWNER\DROPBOX\GIT\PERIPHERALVOID\PERIPHERAL VOID MAIN DIRECTORY\PERIPHERALVOID\RELEASE\GEOMETRYGENERATOR.OBJ
C:\USERS\OWNER\DROPBOX\GIT\PERIPHERALVOID\PERIPHERAL VOID MAIN DIRECTORY\PERIPHERALVOID\RELEASE\INPUT.OBJ
C:\USERS\OWNER\DROPBOX\GIT\PERIPHERALVOID\PERIPHERAL VOID MAIN DIRECTORY\PERIPHERALVOID\RELEASE\LIGHTHELPER.OBJ
C:\USERS\OWNER\DROPBOX\GIT\PERIPHERALVOID\PERIPHERAL VOID MAIN DIRECTORY\PERIPHERALVOID\RELEASE\MATHHELPER.OBJ
C:\USERS\OWNER\DROPBOX\GIT\PERIPHERALVOID\PERIPHERAL VOID MAIN DIRECTORY\PERIPHERALVOID\RELEASE\PERIPHERALVOID.EXE.INTERMEDIATE.MANIFEST
C:\USERS\OWNER\DROPBOX\GIT\PERIPHERALVOID\PERIPHERAL VOID MAIN DIRECTORY\PERIPHERALVOID\RELEASE\PLAYER.OBJ
C:\USERS\OWNER\DROPBOX\GIT\PERIPHERALVOID\PERIPHERAL VOID MAIN DIRECTORY\PERIPHERALVOID\RELEASE\PVGAME.OBJ
C:\USERS\OWNER\DROPBOX\GIT\PERIPHERALVOID\PERIPHERAL VOID MAIN DIRECTORY\PERIPHERALVOID\RELEASE\TEXTUREMGR.OBJ
C:\USERS\OWNER\DROPBOX\GIT\PERIPHERALVOID\PERIPHERAL VOID MAIN DIRECTORY\PERIPHERALVOID\RELEASE\VC100.PDB
C:\USERS\OWNER\DROPBOX\GIT\PERIPHERALVOID\PERIPHERAL VOID MAIN DIRECTORY\PERIPHERALVOID\RELEASE\WAVES.OBJ
C:\USERS\OWNER\DROPBOX\GIT\PERIPHERALVOID\PERIPHERAL VOID MAIN DIRECTORY\PERIPHERALVOID\RELEASE\XNACOLLISION.OBJ
C:\USERS\OWNER\DROPBOX\GIT\PERIPHERALVOID\PERIPHERAL VOID MAIN DIRECTORY\RELEASE\PERIPHERALVOID.EXE
C:\USERS\OWNER\DROPBOX\GIT\PERIPHERALVOID\PERIPHERAL VOID MAIN DIRECTORY\RELEASE\PERIPHERALVOID.PDB
