\\BANNER.MAIN.AD.RIT.EDU\STUDENTS\JMM3896\IGMPROFILE\DESKTOP\NEW FOLDER (2)\PVGAME\DEBUG\PERIPHERALVOID.EXE
\\BANNER.MAIN.AD.RIT.EDU\STUDENTS\JMM3896\IGMPROFILE\DESKTOP\NEW FOLDER (2)\PVGAME\DEBUG\PERIPHERALVOID.ILK
\\BANNER.MAIN.AD.RIT.EDU\STUDENTS\JMM3896\IGMPROFILE\DESKTOP\NEW FOLDER (2)\PVGAME\DEBUG\PERIPHERALVOID.PDB
\\BANNER.MAIN.AD.RIT.EDU\STUDENTS\JMM3896\IGMPROFILE\DESKTOP\NEW FOLDER (2)\PVGAME\PERIPHERALVOID\DEBUG\AUDIOLISTENER.OBJ
\\BANNER.MAIN.AD.RIT.EDU\STUDENTS\JMM3896\IGMPROFILE\DESKTOP\NEW FOLDER (2)\PVGAME\PERIPHERALVOID\DEBUG\AUDIOSOURCE.OBJ
\\BANNER.MAIN.AD.RIT.EDU\STUDENTS\JMM3896\IGMPROFILE\DESKTOP\NEW FOLDER (2)\PVGAME\PERIPHERALVOID\DEBUG\CAMERA.OBJ
\\banner.main.ad.rit.edu\students\jmm3896\IGMProfile\Desktop\New folder (2)\PVGame\PeripheralVoid\Debug\cl.command.1.tlog
\\banner.main.ad.rit.edu\students\jmm3896\IGMProfile\Desktop\New folder (2)\PVGame\PeripheralVoid\Debug\CL.read.1.tlog
\\banner.main.ad.rit.edu\students\jmm3896\IGMProfile\Desktop\New folder (2)\PVGame\PeripheralVoid\Debug\CL.write.1.tlog
\\banner.main.ad.rit.edu\students\jmm3896\IGMProfile\Desktop\New folder (2)\PVGame\PeripheralVoid\Debug\custombuild.command.1.tlog
\\banner.main.ad.rit.edu\students\jmm3896\IGMProfile\Desktop\New folder (2)\PVGame\PeripheralVoid\Debug\custombuild.read.1.tlog
\\banner.main.ad.rit.edu\students\jmm3896\IGMProfile\Desktop\New folder (2)\PVGame\PeripheralVoid\Debug\custombuild.write.1.tlog
\\BANNER.MAIN.AD.RIT.EDU\STUDENTS\JMM3896\IGMPROFILE\DESKTOP\NEW FOLDER (2)\PVGAME\PERIPHERALVOID\DEBUG\D3DAPP.OBJ
\\BANNER.MAIN.AD.RIT.EDU\STUDENTS\JMM3896\IGMPROFILE\DESKTOP\NEW FOLDER (2)\PVGAME\PERIPHERALVOID\DEBUG\D3DUTIL.OBJ
\\BANNER.MAIN.AD.RIT.EDU\STUDENTS\JMM3896\IGMPROFILE\DESKTOP\NEW FOLDER (2)\PVGAME\PERIPHERALVOID\DEBUG\FILELOADER.OBJ
\\BANNER.MAIN.AD.RIT.EDU\STUDENTS\JMM3896\IGMPROFILE\DESKTOP\NEW FOLDER (2)\PVGAME\PERIPHERALVOID\DEBUG\GAMEOBJECT.OBJ
\\BANNER.MAIN.AD.RIT.EDU\STUDENTS\JMM3896\IGMPROFILE\DESKTOP\NEW FOLDER (2)\PVGAME\PERIPHERALVOID\DEBUG\GAMETIMER.OBJ
\\BANNER.MAIN.AD.RIT.EDU\STUDENTS\JMM3896\IGMPROFILE\DESKTOP\NEW FOLDER (2)\PVGAME\PERIPHERALVOID\DEBUG\GEOMETRYGENERATOR.OBJ
\\BANNER.MAIN.AD.RIT.EDU\STUDENTS\JMM3896\IGMPROFILE\DESKTOP\NEW FOLDER (2)\PVGAME\PERIPHERALVOID\DEBUG\INPUT.OBJ
\\BANNER.MAIN.AD.RIT.EDU\STUDENTS\JMM3896\IGMPROFILE\DESKTOP\NEW FOLDER (2)\PVGAME\PERIPHERALVOID\DEBUG\LIGHTHELPER.OBJ
\\banner.main.ad.rit.edu\students\jmm3896\IGMProfile\Desktop\New folder (2)\PVGame\PeripheralVoid\Debug\link.command.1.tlog
\\banner.main.ad.rit.edu\students\jmm3896\IGMProfile\Desktop\New folder (2)\PVGame\PeripheralVoid\Debug\link.read.1.tlog
\\banner.main.ad.rit.edu\students\jmm3896\IGMProfile\Desktop\New folder (2)\PVGame\PeripheralVoid\Debug\link.write.1.tlog
\\banner.main.ad.rit.edu\students\jmm3896\IGMProfile\Desktop\New folder (2)\PVGame\PeripheralVoid\Debug\link-cvtres.read.1.tlog
\\banner.main.ad.rit.edu\students\jmm3896\IGMProfile\Desktop\New folder (2)\PVGame\PeripheralVoid\Debug\link-cvtres.write.1.tlog
\\BANNER.MAIN.AD.RIT.EDU\STUDENTS\JMM3896\IGMPROFILE\DESKTOP\NEW FOLDER (2)\PVGAME\PERIPHERALVOID\DEBUG\MATHHELPER.OBJ
\\banner.main.ad.rit.edu\students\jmm3896\IGMProfile\Desktop\New folder (2)\PVGame\PeripheralVoid\Debug\mt.command.1.tlog
\\banner.main.ad.rit.edu\students\jmm3896\IGMProfile\Desktop\New folder (2)\PVGame\PeripheralVoid\Debug\mt.read.1.tlog
\\banner.main.ad.rit.edu\students\jmm3896\IGMProfile\Desktop\New folder (2)\PVGame\PeripheralVoid\Debug\mt.write.1.tlog
\\banner.main.ad.rit.edu\students\jmm3896\IGMProfile\Desktop\New folder (2)\PVGame\PeripheralVoid\Debug\PeripheralVoid.exe.embed.manifest
\\banner.main.ad.rit.edu\students\jmm3896\IGMProfile\Desktop\New folder (2)\PVGame\PeripheralVoid\Debug\PeripheralVoid.exe.embed.manifest.res
\\BANNER.MAIN.AD.RIT.EDU\STUDENTS\JMM3896\IGMPROFILE\DESKTOP\NEW FOLDER (2)\PVGAME\PERIPHERALVOID\DEBUG\PERIPHERALVOID.EXE.INTERMEDIATE.MANIFEST
\\banner.main.ad.rit.edu\students\jmm3896\IGMProfile\Desktop\New folder (2)\PVGame\PeripheralVoid\Debug\PeripheralVoid.vcxprojResolveAssemblyReference.cache
\\banner.main.ad.rit.edu\students\jmm3896\IGMProfile\Desktop\New folder (2)\PVGame\PeripheralVoid\Debug\PeripheralVoid_manifest.rc
\\BANNER.MAIN.AD.RIT.EDU\STUDENTS\JMM3896\IGMPROFILE\DESKTOP\NEW FOLDER (2)\PVGAME\PERIPHERALVOID\DEBUG\PHYSICSMANAGER.OBJ
\\BANNER.MAIN.AD.RIT.EDU\STUDENTS\JMM3896\IGMPROFILE\DESKTOP\NEW FOLDER (2)\PVGAME\PERIPHERALVOID\DEBUG\PLAYER.OBJ
\\BANNER.MAIN.AD.RIT.EDU\STUDENTS\JMM3896\IGMPROFILE\DESKTOP\NEW FOLDER (2)\PVGAME\PERIPHERALVOID\DEBUG\PVGAME.OBJ
\\banner.main.ad.rit.edu\students\jmm3896\IGMProfile\Desktop\New folder (2)\PVGame\PeripheralVoid\Debug\rc.command.1.tlog
\\banner.main.ad.rit.edu\students\jmm3896\IGMProfile\Desktop\New folder (2)\PVGame\PeripheralVoid\Debug\rc.read.1.tlog
\\banner.main.ad.rit.edu\students\jmm3896\IGMProfile\Desktop\New folder (2)\PVGame\PeripheralVoid\Debug\rc.write.1.tlog
\\BANNER.MAIN.AD.RIT.EDU\STUDENTS\JMM3896\IGMPROFILE\DESKTOP\NEW FOLDER (2)\PVGAME\PERIPHERALVOID\DEBUG\TEXTUREMGR.OBJ
\\BANNER.MAIN.AD.RIT.EDU\STUDENTS\JMM3896\IGMPROFILE\DESKTOP\NEW FOLDER (2)\PVGAME\PERIPHERALVOID\DEBUG\TINYXML2.OBJ
\\banner.main.ad.rit.edu\students\jmm3896\IGMProfile\Desktop\New folder (2)\PVGame\PeripheralVoid\Debug\vc100.idb
\\BANNER.MAIN.AD.RIT.EDU\STUDENTS\JMM3896\IGMPROFILE\DESKTOP\NEW FOLDER (2)\PVGAME\PERIPHERALVOID\DEBUG\VC100.PDB
\\BANNER.MAIN.AD.RIT.EDU\STUDENTS\JMM3896\IGMPROFILE\DESKTOP\NEW FOLDER (2)\PVGAME\PERIPHERALVOID\DEBUG\WAVES.OBJ
\\BANNER.MAIN.AD.RIT.EDU\STUDENTS\JMM3896\IGMPROFILE\DESKTOP\NEW FOLDER (2)\PVGAME\PERIPHERALVOID\DEBUG\XNACOLLISION.OBJ
\\BANNER.MAIN.AD.RIT.EDU\STUDENTS\JMM3896\IGMPROFILE\DESKTOP\NEW FOLDER (2)\PVGAME\PERIPHERALVOID\FX\BASIC.FXO
\\BANNER.MAIN.AD.RIT.EDU\STUDENTS\JMM3896\IGMPROFILE\DESKTOP\NEW FOLDER (2)\PVGAME\PERIPHERALVOID\FX\LIGHTING.FXO
