Build started 4/1/2013 12:42:53 PM.
     1>Project "\\banner.main.ad.rit.edu\students\axd2706\IGMProfile\Documents\Classes\3DGP\PVGame\PVGame\PeripheralVoid\PeripheralVoid.vcxproj" on node 2 (build target(s)).
     1>InitializeBuildStatus:
         Creating "Debug\PeripheralVoid.unsuccessfulbuild" because "AlwaysCreate" was specified.
       CustomBuild:
         All outputs are up-to-date.
       ClCompile:
         All outputs are up-to-date.
       ManifestResourceCompile:
         All outputs are up-to-date.
       Link:
         All outputs are up-to-date.
       Manifest:
         All outputs are up-to-date.
       FinalizeBuildStatus:
         Deleting file "Debug\PeripheralVoid.unsuccessfulbuild".
         Touching "Debug\PeripheralVoid.lastbuildstate".
     1>Done Building Project "\\banner.main.ad.rit.edu\students\axd2706\IGMProfile\Documents\Classes\3DGP\PVGame\PVGame\PeripheralVoid\PeripheralVoid.vcxproj" (build target(s)).

Build succeeded.

Time Elapsed 00:00:01.65
